{"D:\\02_My Classes\\09_2023F\\ECE 461\\Team Project\\team-10-project-1\\src\\cli.ts": {"path":"D:\\02_My Classes\\09_2023F\\ECE 461\\Team Project\\team-10-project-1\\src\\cli.ts","statementMap":{"0":{"start":{"line":1,"column":0},"end":{"line":1,"column":36}},"1":{"start":{"line":4,"column":17},"end":{"line":4,"column":30}},"2":{"start":{"line":6,"column":1},"end":{"line":6,"column":76}},"3":{"start":{"line":8,"column":1},"end":{"line":13,"column":5}},"4":{"start":{"line":12,"column":3},"end":{"line":12,"column":59}},"5":{"start":{"line":15,"column":1},"end":{"line":20,"column":5}},"6":{"start":{"line":19,"column":3},"end":{"line":19,"column":49}},"7":{"start":{"line":22,"column":1},"end":{"line":22,"column":17}},"8":{"start":{"line":3,"column":0},"end":{"line":3,"column":16}}},"fnMap":{"0":{"name":"setupCLI","decl":{"start":{"line":3,"column":16},"end":{"line":3,"column":24}},"loc":{"start":{"line":3,"column":24},"end":{"line":23,"column":1}}},"1":{"name":"(anonymous_1)","decl":{"start":{"line":11,"column":10},"end":{"line":11,"column":13}},"loc":{"start":{"line":11,"column":15},"end":{"line":13,"column":3}}},"2":{"name":"(anonymous_2)","decl":{"start":{"line":18,"column":10},"end":{"line":18,"column":13}},"loc":{"start":{"line":18,"column":15},"end":{"line":20,"column":3}}}},"branchMap":{},"s":{"0":0,"1":0,"2":0,"3":0,"4":0,"5":0,"6":0,"7":0,"8":0},"f":{"0":0,"1":0,"2":0},"b":{}}
,"D:\\02_My Classes\\09_2023F\\ECE 461\\Team Project\\team-10-project-1\\src\\index.ts": {"path":"D:\\02_My Classes\\09_2023F\\ECE 461\\Team Project\\team-10-project-1\\src\\index.ts","statementMap":{"0":{"start":{"line":2,"column":0},"end":{"line":2,"column":33}},"1":{"start":{"line":4,"column":0},"end":{"line":4,"column":28}},"2":{"start":{"line":5,"column":0},"end":{"line":5,"column":11}},"3":{"start":{"line":6,"column":0},"end":{"line":6,"column":27}}},"fnMap":{},"branchMap":{},"s":{"0":0,"1":0,"2":0,"3":0},"f":{},"b":{}}
,"D:\\02_My Classes\\09_2023F\\ECE 461\\Team Project\\team-10-project-1\\src\\testing.ts": {"path":"D:\\02_My Classes\\09_2023F\\ECE 461\\Team Project\\team-10-project-1\\src\\testing.ts","statementMap":{"0":{"start":{"line":1,"column":19},"end":{"line":1,"column":50}},"1":{"start":{"line":1,"column":45},"end":{"line":1,"column":50}},"2":{"start":{"line":1,"column":13},"end":{"line":1,"column":19}}},"fnMap":{"0":{"name":"(anonymous_0)","decl":{"start":{"line":1,"column":19},"end":{"line":1,"column":20}},"loc":{"start":{"line":1,"column":45},"end":{"line":1,"column":50}}}},"branchMap":{},"s":{"0":1,"1":5,"2":1},"f":{"0":5},"b":{}}
}
